<?xml version="1.0" encoding="UTF-8"?>
<coverage generated="1390985179">
  <project timestamp="1390985179">
    <package name="Db">
      <file name="/var/www/Db/src/Db/AbstractModel.php">
        <class name="AbstractModel" namespace="Db">
          <metrics methods="15" coveredmethods="15" conditionals="0" coveredconditionals="0" statements="60" coveredstatements="60" elements="75" coveredelements="75"/>
        </class>
        <line num="38" type="method" name="exchangeArray" crap="2" count="100"/>
        <line num="40" type="stmt" count="100"/>
        <line num="41" type="stmt" count="100"/>
        <line num="42" type="stmt" count="100"/>
        <line num="43" type="stmt" count="100"/>
        <line num="50" type="method" name="getArrayCopy" crap="1" count="67"/>
        <line num="52" type="stmt" count="67"/>
        <line num="62" type="method" name="__call" crap="6" count="8"/>
        <line num="64" type="stmt" count="8"/>
        <line num="65" type="stmt" count="8"/>
        <line num="66" type="stmt" count="2"/>
        <line num="68" type="stmt" count="2"/>
        <line num="70" type="stmt" count="7"/>
        <line num="71" type="stmt" count="5"/>
        <line num="72" type="stmt" count="5"/>
        <line num="74" type="stmt" count="5"/>
        <line num="76" type="stmt" count="4"/>
        <line num="77" type="stmt" count="1"/>
        <line num="79" type="stmt" count="1"/>
        <line num="81" type="stmt" count="3"/>
        <line num="82" type="stmt" count="1"/>
        <line num="84" type="stmt" count="1"/>
        <line num="85" type="stmt" count="2"/>
        <line num="87" type="stmt" count="2"/>
        <line num="88" type="stmt" count="2"/>
        <line num="89" type="stmt" count="2"/>
        <line num="95" type="method" name="clear" crap="1" count="174"/>
        <line num="97" type="stmt" count="174"/>
        <line num="99" type="stmt" count="174"/>
        <line num="105" type="method" name="unsetData" crap="1" count="148"/>
        <line num="107" type="stmt" count="148"/>
        <line num="109" type="stmt" count="148"/>
        <line num="116" type="method" name="setData" crap="2" count="1123"/>
        <line num="118" type="stmt" count="1123"/>
        <line num="119" type="stmt" count="403"/>
        <line num="120" type="stmt" count="403"/>
        <line num="121" type="stmt" count="720"/>
        <line num="124" type="stmt" count="1123"/>
        <line num="131" type="method" name="getData" crap="3" count="1048"/>
        <line num="133" type="stmt" count="1048"/>
        <line num="134" type="stmt" count="570"/>
        <line num="137" type="stmt" count="478"/>
        <line num="143" type="method" name="toArray" crap="4" count="103"/>
        <line num="145" type="stmt" count="103"/>
        <line num="146" type="stmt" count="103"/>
        <line num="147" type="stmt" count="1"/>
        <line num="150" type="stmt" count="102"/>
        <line num="151" type="stmt" count="102"/>
        <line num="153" type="stmt" count="102"/>
        <line num="154" type="stmt" count="1"/>
        <line num="155" type="stmt" count="1"/>
        <line num="156" type="stmt" count="102"/>
        <line num="157" type="stmt" count="102"/>
        <line num="159" type="stmt" count="102"/>
        <line num="166" type="method" name="hasData" crap="1" count="231"/>
        <line num="168" type="stmt" count="231"/>
        <line num="175" type="method" name="underscore" crap="2" count="6"/>
        <line num="177" type="stmt" count="6"/>
        <line num="178" type="stmt" count="3"/>
        <line num="181" type="stmt" count="6"/>
        <line num="182" type="stmt" count="6"/>
        <line num="184" type="stmt" count="6"/>
        <line num="191" type="method" name="offsetExists" crap="1" count="85"/>
        <line num="193" type="stmt" count="85"/>
        <line num="200" type="method" name="offsetGet" crap="1" count="185"/>
        <line num="202" type="stmt" count="185"/>
        <line num="210" type="method" name="offsetSet" crap="1" count="100"/>
        <line num="212" type="stmt" count="100"/>
        <line num="219" type="method" name="offsetUnset" crap="1" count="74"/>
        <line num="221" type="stmt" count="74"/>
        <line num="224" type="stmt" count="1"/>
        <metrics loc="223" ncloc="145" classes="1" methods="15" coveredmethods="15" conditionals="0" coveredconditionals="0" statements="56" coveredstatements="56" elements="71" coveredelements="71"/>
      </file>
    </package>
    <file name="/var/www/Db/src/Db/Exception/ExceptionInterface.php">
      <line num="14" type="stmt" count="1"/>
      <metrics loc="13" ncloc="8" classes="0" methods="0" coveredmethods="0" conditionals="0" coveredconditionals="0" statements="0" coveredstatements="0" elements="0" coveredelements="0"/>
    </file>
    <package name="Db\Exception">
      <file name="/var/www/Db/src/Db/Exception/UnknownCallableException.php">
        <class name="UnknownCallableException" namespace="Db\Exception" fullPackage="Db" package="Db">
          <metrics methods="0" coveredmethods="0" conditionals="0" coveredconditionals="0" statements="0" coveredstatements="0" elements="0" coveredelements="0"/>
        </class>
        <line num="14" type="stmt" count="1"/>
        <metrics loc="13" ncloc="8" classes="1" methods="0" coveredmethods="0" conditionals="0" coveredconditionals="0" statements="0" coveredstatements="0" elements="0" coveredelements="0"/>
      </file>
    </package>
    <package name="Zend\Db\Sql">
      <file name="/var/www/Db/vendor/zendframework/zendframework/library/Zend/Db/Sql/Expression.php">
        <class name="Expression" namespace="Zend\Db\Sql">
          <metrics methods="8" coveredmethods="2" conditionals="0" coveredconditionals="0" statements="44" coveredstatements="9" elements="52" coveredelements="11"/>
        </class>
        <line num="39" type="method" name="__construct" crap="5.02" count="1"/>
        <line num="41" type="stmt" count="1"/>
        <line num="42" type="stmt" count="1"/>
        <line num="43" type="stmt" count="1"/>
        <line num="44" type="stmt" count="1"/>
        <line num="45" type="stmt" count="0"/>
        <line num="46" type="stmt" count="0"/>
        <line num="47" type="stmt" count="1"/>
        <line num="48" type="stmt" count="0"/>
        <line num="49" type="stmt" count="0"/>
        <line num="50" type="stmt" count="1"/>
        <line num="57" type="method" name="setExpression" crap="3.14" count="1"/>
        <line num="59" type="stmt" count="1"/>
        <line num="60" type="stmt" count="0"/>
        <line num="62" type="stmt" count="1"/>
        <line num="63" type="stmt" count="1"/>
        <line num="69" type="method" name="getExpression" crap="2" count="0"/>
        <line num="71" type="stmt" count="0"/>
        <line num="79" type="method" name="setParameters" crap="12" count="0"/>
        <line num="81" type="stmt" count="0"/>
        <line num="82" type="stmt" count="0"/>
        <line num="84" type="stmt" count="0"/>
        <line num="85" type="stmt" count="0"/>
        <line num="91" type="method" name="getParameters" crap="2" count="0"/>
        <line num="93" type="stmt" count="0"/>
        <line num="100" type="method" name="setTypes" crap="2" count="0"/>
        <line num="102" type="stmt" count="0"/>
        <line num="103" type="stmt" count="0"/>
        <line num="109" type="method" name="getTypes" crap="2" count="0"/>
        <line num="111" type="stmt" count="0"/>
        <line num="118" type="method" name="getExpressionData" crap="110" count="0"/>
        <line num="120" type="stmt" count="0"/>
        <line num="122" type="stmt" count="0"/>
        <line num="123" type="stmt" count="0"/>
        <line num="125" type="stmt" count="0"/>
        <line num="127" type="stmt" count="0"/>
        <line num="128" type="stmt" count="0"/>
        <line num="129" type="stmt" count="0"/>
        <line num="131" type="stmt" count="0"/>
        <line num="132" type="stmt" count="0"/>
        <line num="133" type="stmt" count="0"/>
        <line num="134" type="stmt" count="0"/>
        <line num="137" type="stmt" count="0"/>
        <line num="139" type="stmt" count="0"/>
        <line num="140" type="stmt" count="0"/>
        <line num="141" type="stmt" count="0"/>
        <line num="142" type="stmt" count="0"/>
        <line num="143" type="stmt" count="0"/>
        <line num="145" type="stmt" count="0"/>
        <line num="148" type="stmt" count="0"/>
        <line num="149" type="stmt" count="0"/>
        <line num="151" type="stmt" count="0"/>
        <line num="154" type="stmt" count="1"/>
        <metrics loc="153" ncloc="98" classes="1" methods="8" coveredmethods="0" conditionals="0" coveredconditionals="0" statements="44" coveredstatements="9" elements="52" coveredelements="9"/>
      </file>
    </package>
    <file name="/var/www/Db/vendor/zendframework/zendframework/library/Zend/Db/Sql/ExpressionInterface.php">
      <line num="42" type="stmt" count="1"/>
      <metrics loc="41" ncloc="14" classes="0" methods="0" coveredmethods="0" conditionals="0" coveredconditionals="0" statements="0" coveredstatements="0" elements="0" coveredelements="0"/>
    </file>
    <package name="Zend\EventManager">
      <file name="/var/www/Db/vendor/zendframework/zendframework/library/Zend/EventManager/Event.php">
        <class name="Event" namespace="Zend\EventManager">
          <metrics methods="11" coveredmethods="0" conditionals="0" coveredconditionals="0" statements="38" coveredstatements="0" elements="49" coveredelements="0"/>
        </class>
        <line num="51" type="method" name="__construct" crap="20" count="0"/>
        <line num="53" type="stmt" count="0"/>
        <line num="54" type="stmt" count="0"/>
        <line num="55" type="stmt" count="0"/>
        <line num="57" type="stmt" count="0"/>
        <line num="58" type="stmt" count="0"/>
        <line num="59" type="stmt" count="0"/>
        <line num="61" type="stmt" count="0"/>
        <line num="62" type="stmt" count="0"/>
        <line num="63" type="stmt" count="0"/>
        <line num="64" type="stmt" count="0"/>
        <line num="71" type="method" name="getName" crap="2" count="0"/>
        <line num="73" type="stmt" count="0"/>
        <line num="83" type="method" name="getTarget" crap="2" count="0"/>
        <line num="85" type="stmt" count="0"/>
        <line num="97" type="method" name="setParams" crap="12" count="0"/>
        <line num="99" type="stmt" count="0"/>
        <line num="100" type="stmt" count="0"/>
        <line num="101" type="stmt" count="0"/>
        <line num="102" type="stmt" count="0"/>
        <line num="105" type="stmt" count="0"/>
        <line num="106" type="stmt" count="0"/>
        <line num="114" type="method" name="getParams" crap="2" count="0"/>
        <line num="116" type="stmt" count="0"/>
        <line num="128" type="method" name="getParam" crap="30" count="0"/>
        <line num="131" type="stmt" count="0"/>
        <line num="132" type="stmt" count="0"/>
        <line num="133" type="stmt" count="0"/>
        <line num="136" type="stmt" count="0"/>
        <line num="140" type="stmt" count="0"/>
        <line num="141" type="stmt" count="0"/>
        <line num="143" type="stmt" count="0"/>
        <line num="152" type="method" name="setName" crap="2" count="0"/>
        <line num="154" type="stmt" count="0"/>
        <line num="155" type="stmt" count="0"/>
        <line num="164" type="method" name="setTarget" crap="2" count="0"/>
        <line num="166" type="stmt" count="0"/>
        <line num="167" type="stmt" count="0"/>
        <line num="177" type="method" name="setParam" crap="12" count="0"/>
        <line num="179" type="stmt" count="0"/>
        <line num="181" type="stmt" count="0"/>
        <line num="182" type="stmt" count="0"/>
        <line num="184" type="stmt" count="0"/>
        <line num="186" type="stmt" count="0"/>
        <line num="195" type="method" name="stopPropagation" crap="2" count="0"/>
        <line num="197" type="stmt" count="0"/>
        <line num="198" type="stmt" count="0"/>
        <line num="205" type="method" name="propagationIsStopped" crap="2" count="0"/>
        <line num="207" type="stmt" count="0"/>
        <metrics loc="209" ncloc="102" classes="1" methods="11" coveredmethods="0" conditionals="0" coveredconditionals="0" statements="38" coveredstatements="0" elements="49" coveredelements="0"/>
      </file>
      <file name="/var/www/Db/vendor/zendframework/zendframework/library/Zend/EventManager/EventManager.php">
        <class name="EventManager" namespace="Zend\EventManager">
          <metrics methods="21" coveredmethods="0" conditionals="0" coveredconditionals="0" statements="170" coveredstatements="0" elements="191" coveredelements="0"/>
        </class>
        <line num="57" type="method" name="__construct" crap="2" count="0"/>
        <line num="59" type="stmt" count="0"/>
        <line num="60" type="stmt" count="0"/>
        <line num="68" type="method" name="setEventClass" crap="2" count="0"/>
        <line num="70" type="stmt" count="0"/>
        <line num="71" type="stmt" count="0"/>
        <line num="80" type="method" name="setSharedManager" crap="2" count="0"/>
        <line num="82" type="stmt" count="0"/>
        <line num="83" type="stmt" count="0"/>
        <line num="84" type="stmt" count="0"/>
        <line num="92" type="method" name="unsetSharedManager" crap="2" count="0"/>
        <line num="94" type="stmt" count="0"/>
        <line num="95" type="stmt" count="0"/>
        <line num="108" type="method" name="getSharedManager" crap="20" count="0"/>
        <line num="111" type="stmt" count="0"/>
        <line num="112" type="stmt" count="0"/>
        <line num="113" type="stmt" count="0"/>
        <line num="114" type="stmt" count="0"/>
        <line num="117" type="stmt" count="0"/>
        <line num="118" type="stmt" count="0"/>
        <line num="121" type="stmt" count="0"/>
        <line num="122" type="stmt" count="0"/>
        <line num="130" type="method" name="getIdentifiers" crap="2" count="0"/>
        <line num="132" type="stmt" count="0"/>
        <line num="141" type="method" name="setIdentifiers" crap="20" count="0"/>
        <line num="143" type="stmt" count="0"/>
        <line num="144" type="stmt" count="0"/>
        <line num="145" type="stmt" count="0"/>
        <line num="146" type="stmt" count="0"/>
        <line num="147" type="stmt" count="0"/>
        <line num="148" type="stmt" count="0"/>
        <line num="157" type="method" name="addIdentifiers" crap="20" count="0"/>
        <line num="159" type="stmt" count="0"/>
        <line num="160" type="stmt" count="0"/>
        <line num="161" type="stmt" count="0"/>
        <line num="162" type="stmt" count="0"/>
        <line num="163" type="stmt" count="0"/>
        <line num="164" type="stmt" count="0"/>
        <line num="179" type="method" name="trigger" crap="42" count="0"/>
        <line num="181" type="stmt" count="0"/>
        <line num="182" type="stmt" count="0"/>
        <line num="183" type="stmt" count="0"/>
        <line num="184" type="stmt" count="0"/>
        <line num="185" type="stmt" count="0"/>
        <line num="186" type="stmt" count="0"/>
        <line num="187" type="stmt" count="0"/>
        <line num="188" type="stmt" count="0"/>
        <line num="189" type="stmt" count="0"/>
        <line num="190" type="stmt" count="0"/>
        <line num="191" type="stmt" count="0"/>
        <line num="192" type="stmt" count="0"/>
        <line num="193" type="stmt" count="0"/>
        <line num="194" type="stmt" count="0"/>
        <line num="195" type="stmt" count="0"/>
        <line num="196" type="stmt" count="0"/>
        <line num="197" type="stmt" count="0"/>
        <line num="200" type="stmt" count="0"/>
        <line num="201" type="stmt" count="0"/>
        <line num="205" type="stmt" count="0"/>
        <line num="207" type="stmt" count="0"/>
        <line num="224" type="method" name="triggerUntil" crap="30" count="0"/>
        <line num="226" type="stmt" count="0"/>
        <line num="227" type="stmt" count="0"/>
        <line num="228" type="stmt" count="0"/>
        <line num="229" type="stmt" count="0"/>
        <line num="230" type="stmt" count="0"/>
        <line num="231" type="stmt" count="0"/>
        <line num="232" type="stmt" count="0"/>
        <line num="233" type="stmt" count="0"/>
        <line num="234" type="stmt" count="0"/>
        <line num="235" type="stmt" count="0"/>
        <line num="236" type="stmt" count="0"/>
        <line num="237" type="stmt" count="0"/>
        <line num="238" type="stmt" count="0"/>
        <line num="239" type="stmt" count="0"/>
        <line num="240" type="stmt" count="0"/>
        <line num="241" type="stmt" count="0"/>
        <line num="242" type="stmt" count="0"/>
        <line num="245" type="stmt" count="0"/>
        <line num="246" type="stmt" count="0"/>
        <line num="250" type="stmt" count="0"/>
        <line num="252" type="stmt" count="0"/>
        <line num="275" type="method" name="attach" crap="42" count="0"/>
        <line num="278" type="stmt" count="0"/>
        <line num="279" type="stmt" count="0"/>
        <line num="283" type="stmt" count="0"/>
        <line num="284" type="stmt" count="0"/>
        <line num="285" type="stmt" count="0"/>
        <line num="287" type="stmt" count="0"/>
        <line num="291" type="stmt" count="0"/>
        <line num="292" type="stmt" count="0"/>
        <line num="293" type="stmt" count="0"/>
        <line num="294" type="stmt" count="0"/>
        <line num="295" type="stmt" count="0"/>
        <line num="296" type="stmt" count="0"/>
        <line num="300" type="stmt" count="0"/>
        <line num="301" type="stmt" count="0"/>
        <line num="302" type="stmt" count="0"/>
        <line num="305" type="stmt" count="0"/>
        <line num="308" type="stmt" count="0"/>
        <line num="309" type="stmt" count="0"/>
        <line num="323" type="method" name="attachAggregate" crap="2" count="0"/>
        <line num="325" type="stmt" count="0"/>
        <line num="335" type="method" name="detach" crap="72" count="0"/>
        <line num="337" type="stmt" count="0"/>
        <line num="338" type="stmt" count="0"/>
        <line num="341" type="stmt" count="0"/>
        <line num="342" type="stmt" count="0"/>
        <line num="343" type="stmt" count="0"/>
        <line num="344" type="stmt" count="0"/>
        <line num="345" type="stmt" count="0"/>
        <line num="346" type="stmt" count="0"/>
        <line num="349" type="stmt" count="0"/>
        <line num="350" type="stmt" count="0"/>
        <line num="351" type="stmt" count="0"/>
        <line num="353" type="stmt" count="0"/>
        <line num="354" type="stmt" count="0"/>
        <line num="355" type="stmt" count="0"/>
        <line num="357" type="stmt" count="0"/>
        <line num="358" type="stmt" count="0"/>
        <line num="359" type="stmt" count="0"/>
        <line num="360" type="stmt" count="0"/>
        <line num="372" type="method" name="detachAggregate" crap="2" count="0"/>
        <line num="374" type="stmt" count="0"/>
        <line num="382" type="method" name="getEvents" crap="2" count="0"/>
        <line num="384" type="stmt" count="0"/>
        <line num="393" type="method" name="getListeners" crap="6" count="0"/>
        <line num="395" type="stmt" count="0"/>
        <line num="396" type="stmt" count="0"/>
        <line num="398" type="stmt" count="0"/>
        <line num="407" type="method" name="clearListeners" crap="6" count="0"/>
        <line num="409" type="stmt" count="0"/>
        <line num="410" type="stmt" count="0"/>
        <line num="411" type="stmt" count="0"/>
        <line num="412" type="stmt" count="0"/>
        <line num="424" type="method" name="prepareArgs" crap="2" count="0"/>
        <line num="426" type="stmt" count="0"/>
        <line num="440" type="method" name="triggerListeners" crap="72" count="0"/>
        <line num="442" type="stmt" count="0"/>
        <line num="443" type="stmt" count="0"/>
        <line num="447" type="stmt" count="0"/>
        <line num="448" type="stmt" count="0"/>
        <line num="449" type="stmt" count="0"/>
        <line num="450" type="stmt" count="0"/>
        <line num="451" type="stmt" count="0"/>
        <line num="454" type="stmt" count="0"/>
        <line num="457" type="stmt" count="0"/>
        <line num="460" type="stmt" count="0"/>
        <line num="461" type="stmt" count="0"/>
        <line num="463" type="stmt" count="0"/>
        <line num="464" type="stmt" count="0"/>
        <line num="468" type="stmt" count="0"/>
        <line num="471" type="stmt" count="0"/>
        <line num="472" type="stmt" count="0"/>
        <line num="473" type="stmt" count="0"/>
        <line num="478" type="stmt" count="0"/>
        <line num="479" type="stmt" count="0"/>
        <line num="480" type="stmt" count="0"/>
        <line num="482" type="stmt" count="0"/>
        <line num="484" type="stmt" count="0"/>
        <line num="494" type="method" name="getSharedListeners" crap="90" count="0"/>
        <line num="496" type="stmt" count="0"/>
        <line num="497" type="stmt" count="0"/>
        <line num="500" type="stmt" count="0"/>
        <line num="502" type="stmt" count="0"/>
        <line num="503" type="stmt" count="0"/>
        <line num="504" type="stmt" count="0"/>
        <line num="505" type="stmt" count="0"/>
        <line num="507" type="stmt" count="0"/>
        <line num="508" type="stmt" count="0"/>
        <line num="509" type="stmt" count="0"/>
        <line num="512" type="stmt" count="0"/>
        <line num="513" type="stmt" count="0"/>
        <line num="516" type="stmt" count="0"/>
        <line num="517" type="stmt" count="0"/>
        <line num="518" type="stmt" count="0"/>
        <line num="520" type="stmt" count="0"/>
        <line num="521" type="stmt" count="0"/>
        <line num="522" type="stmt" count="0"/>
        <line num="524" type="stmt" count="0"/>
        <line num="536" type="method" name="insertListeners" crap="20" count="0"/>
        <line num="538" type="stmt" count="0"/>
        <line num="539" type="stmt" count="0"/>
        <line num="540" type="stmt" count="0"/>
        <line num="541" type="stmt" count="0"/>
        <line num="542" type="stmt" count="0"/>
        <line num="545" type="stmt" count="0"/>
        <line num="546" type="stmt" count="0"/>
        <line num="547" type="stmt" count="0"/>
        <line num="548" type="stmt" count="0"/>
        <line num="549" type="stmt" count="0"/>
        <metrics loc="550" ncloc="298" classes="1" methods="21" coveredmethods="0" conditionals="0" coveredconditionals="0" statements="170" coveredstatements="0" elements="191" coveredelements="0"/>
      </file>
      <file name="/var/www/Db/vendor/zendframework/zendframework/library/Zend/EventManager/ResponseCollection.php">
        <class name="ResponseCollection" namespace="Zend\EventManager">
          <metrics methods="5" coveredmethods="0" conditionals="0" coveredconditionals="0" statements="12" coveredstatements="0" elements="17" coveredelements="0"/>
        </class>
        <line num="26" type="method" name="stopped" crap="2" count="0"/>
        <line num="28" type="stmt" count="0"/>
        <line num="37" type="method" name="setStopped" crap="2" count="0"/>
        <line num="39" type="stmt" count="0"/>
        <line num="40" type="stmt" count="0"/>
        <line num="48" type="method" name="first" crap="2" count="0"/>
        <line num="50" type="stmt" count="0"/>
        <line num="61" type="method" name="last" crap="6" count="0"/>
        <line num="63" type="stmt" count="0"/>
        <line num="64" type="stmt" count="0"/>
        <line num="66" type="stmt" count="0"/>
        <line num="75" type="method" name="contains" crap="12" count="0"/>
        <line num="77" type="stmt" count="0"/>
        <line num="78" type="stmt" count="0"/>
        <line num="79" type="stmt" count="0"/>
        <line num="81" type="stmt" count="0"/>
        <line num="82" type="stmt" count="0"/>
        <metrics loc="84" ncloc="44" classes="1" methods="5" coveredmethods="0" conditionals="0" coveredconditionals="0" statements="12" coveredstatements="0" elements="17" coveredelements="0"/>
      </file>
      <file name="/var/www/Db/vendor/zendframework/zendframework/library/Zend/EventManager/SharedEventManager.php">
        <class name="SharedEventManager" namespace="Zend\EventManager">
          <metrics methods="7" coveredmethods="0" conditionals="0" coveredconditionals="0" statements="30" coveredstatements="0" elements="37" coveredelements="0"/>
        </class>
        <line num="62" type="method" name="attach" crap="20" count="0"/>
        <line num="64" type="stmt" count="0"/>
        <line num="65" type="stmt" count="0"/>
        <line num="66" type="stmt" count="0"/>
        <line num="67" type="stmt" count="0"/>
        <line num="68" type="stmt" count="0"/>
        <line num="69" type="stmt" count="0"/>
        <line num="70" type="stmt" count="0"/>
        <line num="71" type="stmt" count="0"/>
        <line num="72" type="stmt" count="0"/>
        <line num="73" type="stmt" count="0"/>
        <line num="75" type="stmt" count="0"/>
        <line num="89" type="method" name="attachAggregate" crap="2" count="0"/>
        <line num="91" type="stmt" count="0"/>
        <line num="101" type="method" name="detach" crap="6" count="0"/>
        <line num="103" type="stmt" count="0"/>
        <line num="104" type="stmt" count="0"/>
        <line num="106" type="stmt" count="0"/>
        <line num="118" type="method" name="detachAggregate" crap="2" count="0"/>
        <line num="120" type="stmt" count="0"/>
        <line num="129" type="method" name="getEvents" crap="20" count="0"/>
        <line num="131" type="stmt" count="0"/>
        <line num="133" type="stmt" count="0"/>
        <line num="134" type="stmt" count="0"/>
        <line num="136" type="stmt" count="0"/>
        <line num="138" type="stmt" count="0"/>
        <line num="148" type="method" name="getListeners" crap="6" count="0"/>
        <line num="150" type="stmt" count="0"/>
        <line num="151" type="stmt" count="0"/>
        <line num="153" type="stmt" count="0"/>
        <line num="163" type="method" name="clearListeners" crap="12" count="0"/>
        <line num="165" type="stmt" count="0"/>
        <line num="166" type="stmt" count="0"/>
        <line num="169" type="stmt" count="0"/>
        <line num="170" type="stmt" count="0"/>
        <line num="171" type="stmt" count="0"/>
        <line num="174" type="stmt" count="0"/>
        <metrics loc="176" ncloc="79" classes="1" methods="7" coveredmethods="0" conditionals="0" coveredconditionals="0" statements="30" coveredstatements="0" elements="37" coveredelements="0"/>
      </file>
      <file name="/var/www/Db/vendor/zendframework/zendframework/library/Zend/EventManager/StaticEventManager.php">
        <class name="StaticEventManager" namespace="Zend\EventManager">
          <metrics methods="6" coveredmethods="0" conditionals="0" coveredconditionals="0" statements="11" coveredstatements="0" elements="17" coveredelements="0"/>
        </class>
        <line num="26" type="method" name="__construct" crap="2" count="0"/>
        <line num="28" type="stmt" count="0"/>
        <line num="35" type="method" name="__clone" crap="2" count="0"/>
        <line num="37" type="stmt" count="0"/>
        <line num="44" type="method" name="getInstance" crap="6" count="0"/>
        <line num="46" type="stmt" count="0"/>
        <line num="47" type="stmt" count="0"/>
        <line num="48" type="stmt" count="0"/>
        <line num="49" type="stmt" count="0"/>
        <line num="58" type="method" name="setInstance" crap="2" count="0"/>
        <line num="60" type="stmt" count="0"/>
        <line num="61" type="stmt" count="0"/>
        <line num="68" type="method" name="hasInstance" crap="2" count="0"/>
        <line num="70" type="stmt" count="0"/>
        <line num="78" type="method" name="resetInstance" crap="2" count="0"/>
        <line num="80" type="stmt" count="0"/>
        <line num="81" type="stmt" count="0"/>
        <metrics loc="82" ncloc="40" classes="1" methods="6" coveredmethods="0" conditionals="0" coveredconditionals="0" statements="11" coveredstatements="0" elements="17" coveredelements="0"/>
      </file>
    </package>
    <package name="Zend\Filter">
      <file name="/var/www/Db/vendor/zendframework/zendframework/library/Zend/Filter/FilterPluginManager.php">
        <class name="FilterPluginManager" namespace="Zend\Filter">
          <metrics methods="1" coveredmethods="0" conditionals="0" coveredconditionals="0" statements="8" coveredstatements="0" elements="9" coveredelements="0"/>
        </class>
        <line num="100" type="method" name="validatePlugin" crap="20" count="0"/>
        <line num="102" type="stmt" count="0"/>
        <line num="104" type="stmt" count="0"/>
        <line num="106" type="stmt" count="0"/>
        <line num="108" type="stmt" count="0"/>
        <line num="111" type="stmt" count="0"/>
        <line num="112" type="stmt" count="0"/>
        <line num="113" type="stmt" count="0"/>
        <line num="115" type="stmt" count="0"/>
        <metrics loc="117" ncloc="79" classes="1" methods="1" coveredmethods="0" conditionals="0" coveredconditionals="0" statements="8" coveredstatements="0" elements="9" coveredelements="0"/>
      </file>
    </package>
    <package name="Zend\Form">
      <file name="/var/www/Db/vendor/zendframework/zendframework/library/Zend/Form/FormAbstractServiceFactory.php">
        <class name="FormAbstractServiceFactory" namespace="Zend\Form">
          <metrics methods="5" coveredmethods="0" conditionals="0" coveredconditionals="0" statements="46" coveredstatements="0" elements="51" coveredelements="0"/>
        </class>
        <line num="41" type="method" name="canCreateServiceWithName" crap="20" count="0"/>
        <line num="43" type="stmt" count="0"/>
        <line num="44" type="stmt" count="0"/>
        <line num="45" type="stmt" count="0"/>
        <line num="48" type="stmt" count="0"/>
        <line num="59" type="method" name="createServiceWithName" crap="2" count="0"/>
        <line num="61" type="stmt" count="0"/>
        <line num="62" type="stmt" count="0"/>
        <line num="63" type="stmt" count="0"/>
        <line num="65" type="stmt" count="0"/>
        <line num="66" type="stmt" count="0"/>
        <line num="75" type="method" name="getConfig" crap="30" count="0"/>
        <line num="77" type="stmt" count="0"/>
        <line num="78" type="stmt" count="0"/>
        <line num="81" type="stmt" count="0"/>
        <line num="82" type="stmt" count="0"/>
        <line num="83" type="stmt" count="0"/>
        <line num="86" type="stmt" count="0"/>
        <line num="87" type="stmt" count="0"/>
        <line num="88" type="stmt" count="0"/>
        <line num="89" type="stmt" count="0"/>
        <line num="90" type="stmt" count="0"/>
        <line num="91" type="stmt" count="0"/>
        <line num="94" type="stmt" count="0"/>
        <line num="95" type="stmt" count="0"/>
        <line num="104" type="method" name="getFormFactory" crap="12" count="0"/>
        <line num="106" type="stmt" count="0"/>
        <line num="107" type="stmt" count="0"/>
        <line num="110" type="stmt" count="0"/>
        <line num="111" type="stmt" count="0"/>
        <line num="112" type="stmt" count="0"/>
        <line num="113" type="stmt" count="0"/>
        <line num="115" type="stmt" count="0"/>
        <line num="116" type="stmt" count="0"/>
        <line num="132" type="method" name="marshalInputFilter" crap="42" count="0"/>
        <line num="134" type="stmt" count="0"/>
        <line num="135" type="stmt" count="0"/>
        <line num="138" type="stmt" count="0"/>
        <line num="139" type="stmt" count="0"/>
        <line num="142" type="stmt" count="0"/>
        <line num="143" type="stmt" count="0"/>
        <line num="144" type="stmt" count="0"/>
        <line num="145" type="stmt" count="0"/>
        <line num="146" type="stmt" count="0"/>
        <line num="147" type="stmt" count="0"/>
        <line num="148" type="stmt" count="0"/>
        <line num="150" type="stmt" count="0"/>
        <line num="152" type="stmt" count="0"/>
        <line num="153" type="stmt" count="0"/>
        <line num="154" type="stmt" count="0"/>
        <line num="155" type="stmt" count="0"/>
        <metrics loc="156" ncloc="99" classes="1" methods="5" coveredmethods="0" conditionals="0" coveredconditionals="0" statements="46" coveredstatements="0" elements="51" coveredelements="0"/>
      </file>
      <file name="/var/www/Db/vendor/zendframework/zendframework/library/Zend/Form/FormElementManager.php">
        <class name="FormElementManager" namespace="Zend\Form">
          <metrics methods="5" coveredmethods="0" conditionals="0" coveredconditionals="0" statements="43" coveredstatements="0" elements="48" coveredelements="0"/>
        </class>
        <line num="74" type="method" name="__construct" crap="2" count="0"/>
        <line num="76" type="stmt" count="0"/>
        <line num="78" type="stmt" count="0"/>
        <line num="79" type="stmt" count="0"/>
        <line num="86" type="method" name="injectFactory" crap="20" count="0"/>
        <line num="88" type="stmt" count="0"/>
        <line num="89" type="stmt" count="0"/>
        <line num="90" type="stmt" count="0"/>
        <line num="92" type="stmt" count="0"/>
        <line num="93" type="stmt" count="0"/>
        <line num="94" type="stmt" count="0"/>
        <line num="95" type="stmt" count="0"/>
        <line num="96" type="stmt" count="0"/>
        <line num="97" type="stmt" count="0"/>
        <line num="98" type="stmt" count="0"/>
        <line num="99" type="stmt" count="0"/>
        <line num="110" type="method" name="validatePlugin" crap="20" count="0"/>
        <line num="113" type="stmt" count="0"/>
        <line num="114" type="stmt" count="0"/>
        <line num="115" type="stmt" count="0"/>
        <line num="117" type="stmt" count="0"/>
        <line num="118" type="stmt" count="0"/>
        <line num="121" type="stmt" count="0"/>
        <line num="122" type="stmt" count="0"/>
        <line num="123" type="stmt" count="0"/>
        <line num="124" type="stmt" count="0"/>
        <line num="139" type="method" name="get" crap="6" count="0"/>
        <line num="141" type="stmt" count="0"/>
        <line num="142" type="stmt" count="0"/>
        <line num="143" type="stmt" count="0"/>
        <line num="144" type="stmt" count="0"/>
        <line num="158" type="method" name="createFromInvokable" crap="42" count="0"/>
        <line num="160" type="stmt" count="0"/>
        <line num="162" type="stmt" count="0"/>
        <line num="163" type="stmt" count="0"/>
        <line num="164" type="stmt" count="0"/>
        <line num="165" type="stmt" count="0"/>
        <line num="166" type="stmt" count="0"/>
        <line num="167" type="stmt" count="0"/>
        <line num="168" type="stmt" count="0"/>
        <line num="169" type="stmt" count="0"/>
        <line num="170" type="stmt" count="0"/>
        <line num="173" type="stmt" count="0"/>
        <line num="174" type="stmt" count="0"/>
        <line num="175" type="stmt" count="0"/>
        <line num="176" type="stmt" count="0"/>
        <line num="179" type="stmt" count="0"/>
        <line num="182" type="stmt" count="0"/>
        <metrics loc="184" ncloc="118" classes="1" methods="5" coveredmethods="0" conditionals="0" coveredconditionals="0" statements="43" coveredstatements="0" elements="48" coveredelements="0"/>
      </file>
    </package>
    <package name="Zend\Form\View">
      <file name="/var/www/Db/vendor/zendframework/zendframework/library/Zend/Form/View/HelperConfig.php">
        <class name="HelperConfig" namespace="Zend\Form\View">
          <metrics methods="1" coveredmethods="0" conditionals="0" coveredconditionals="0" statements="4" coveredstatements="0" elements="5" coveredelements="0"/>
        </class>
        <line num="87" type="method" name="configureServiceManager" crap="6" count="0"/>
        <line num="89" type="stmt" count="0"/>
        <line num="90" type="stmt" count="0"/>
        <line num="91" type="stmt" count="0"/>
        <line num="92" type="stmt" count="0"/>
        <metrics loc="93" ncloc="69" classes="1" methods="1" coveredmethods="0" conditionals="0" coveredconditionals="0" statements="4" coveredstatements="0" elements="5" coveredelements="0"/>
      </file>
    </package>
    <package name="Zend\I18n\View">
      <file name="/var/www/Db/vendor/zendframework/zendframework/library/Zend/I18n/View/HelperConfig.php">
        <class name="HelperConfig" namespace="Zend\I18n\View">
          <metrics methods="1" coveredmethods="0" conditionals="0" coveredconditionals="0" statements="4" coveredstatements="0" elements="5" coveredelements="0"/>
        </class>
        <line num="41" type="method" name="configureServiceManager" crap="6" count="0"/>
        <line num="43" type="stmt" count="0"/>
        <line num="44" type="stmt" count="0"/>
        <line num="45" type="stmt" count="0"/>
        <line num="46" type="stmt" count="0"/>
        <metrics loc="47" ncloc="25" classes="1" methods="1" coveredmethods="0" conditionals="0" coveredconditionals="0" statements="4" coveredstatements="0" elements="5" coveredelements="0"/>
      </file>
    </package>
    <package name="Zend\InputFilter">
      <file name="/var/www/Db/vendor/zendframework/zendframework/library/Zend/InputFilter/InputFilterPluginManager.php">
        <class name="InputFilterPluginManager" namespace="Zend\InputFilter">
          <metrics methods="3" coveredmethods="0" conditionals="0" coveredconditionals="0" statements="21" coveredstatements="0" elements="24" coveredelements="0"/>
        </class>
        <line num="43" type="method" name="__construct" crap="2" count="0"/>
        <line num="45" type="stmt" count="0"/>
        <line num="47" type="stmt" count="0"/>
        <line num="48" type="stmt" count="0"/>
        <line num="55" type="method" name="populateFactory" crap="12" count="0"/>
        <line num="57" type="stmt" count="0"/>
        <line num="58" type="stmt" count="0"/>
        <line num="60" type="stmt" count="0"/>
        <line num="62" type="stmt" count="0"/>
        <line num="63" type="stmt" count="0"/>
        <line num="64" type="stmt" count="0"/>
        <line num="65" type="stmt" count="0"/>
        <line num="66" type="stmt" count="0"/>
        <line num="67" type="stmt" count="0"/>
        <line num="72" type="method" name="validatePlugin" crap="20" count="0"/>
        <line num="74" type="stmt" count="0"/>
        <line num="76" type="stmt" count="0"/>
        <line num="77" type="stmt" count="0"/>
        <line num="78" type="stmt" count="0"/>
        <line num="81" type="stmt" count="0"/>
        <line num="84" type="stmt" count="0"/>
        <line num="85" type="stmt" count="0"/>
        <line num="86" type="stmt" count="0"/>
        <line num="87" type="stmt" count="0"/>
        <metrics loc="89" ncloc="54" classes="1" methods="3" coveredmethods="0" conditionals="0" coveredconditionals="0" statements="21" coveredstatements="0" elements="24" coveredelements="0"/>
      </file>
    </package>
    <package name="Zend\Loader">
      <file name="/var/www/Db/vendor/zendframework/zendframework/library/Zend/Loader/AutoloaderFactory.php">
        <class name="AutoloaderFactory" namespace="Zend\Loader">
          <metrics methods="7" coveredmethods="0" conditionals="0" coveredconditionals="0" statements="67" coveredstatements="0" elements="74" coveredelements="0"/>
        </class>
        <line num="60" type="method" name="factory" crap="132" count="0"/>
        <line num="62" type="stmt" count="0"/>
        <line num="63" type="stmt" count="0"/>
        <line num="64" type="stmt" count="0"/>
        <line num="65" type="stmt" count="0"/>
        <line num="66" type="stmt" count="0"/>
        <line num="67" type="stmt" count="0"/>
        <line num="70" type="stmt" count="0"/>
        <line num="73" type="stmt" count="0"/>
        <line num="74" type="stmt" count="0"/>
        <line num="75" type="stmt" count="0"/>
        <line num="77" type="stmt" count="0"/>
        <line num="80" type="stmt" count="0"/>
        <line num="81" type="stmt" count="0"/>
        <line num="82" type="stmt" count="0"/>
        <line num="83" type="stmt" count="0"/>
        <line num="84" type="stmt" count="0"/>
        <line num="85" type="stmt" count="0"/>
        <line num="86" type="stmt" count="0"/>
        <line num="87" type="stmt" count="0"/>
        <line num="90" type="stmt" count="0"/>
        <line num="91" type="stmt" count="0"/>
        <line num="92" type="stmt" count="0"/>
        <line num="93" type="stmt" count="0"/>
        <line num="94" type="stmt" count="0"/>
        <line num="97" type="stmt" count="0"/>
        <line num="98" type="stmt" count="0"/>
        <line num="99" type="stmt" count="0"/>
        <line num="100" type="stmt" count="0"/>
        <line num="102" type="stmt" count="0"/>
        <line num="103" type="stmt" count="0"/>
        <line num="104" type="stmt" count="0"/>
        <line num="105" type="stmt" count="0"/>
        <line num="107" type="stmt" count="0"/>
        <line num="108" type="stmt" count="0"/>
        <line num="117" type="method" name="getRegisteredAutoloaders" crap="2" count="0"/>
        <line num="119" type="stmt" count="0"/>
        <line num="129" type="method" name="getRegisteredAutoloader" crap="6" count="0"/>
        <line num="131" type="stmt" count="0"/>
        <line num="132" type="stmt" count="0"/>
        <line num="133" type="stmt" count="0"/>
        <line num="135" type="stmt" count="0"/>
        <line num="144" type="method" name="unregisterAutoloaders" crap="6" count="0"/>
        <line num="146" type="stmt" count="0"/>
        <line num="147" type="stmt" count="0"/>
        <line num="148" type="stmt" count="0"/>
        <line num="149" type="stmt" count="0"/>
        <line num="150" type="stmt" count="0"/>
        <line num="158" type="method" name="unregisterAutoloader" crap="6" count="0"/>
        <line num="160" type="stmt" count="0"/>
        <line num="161" type="stmt" count="0"/>
        <line num="164" type="stmt" count="0"/>
        <line num="165" type="stmt" count="0"/>
        <line num="166" type="stmt" count="0"/>
        <line num="167" type="stmt" count="0"/>
        <line num="179" type="method" name="getStandardAutoloader" crap="12" count="0"/>
        <line num="181" type="stmt" count="0"/>
        <line num="182" type="stmt" count="0"/>
        <line num="186" type="stmt" count="0"/>
        <line num="188" type="stmt" count="0"/>
        <line num="189" type="stmt" count="0"/>
        <line num="190" type="stmt" count="0"/>
        <line num="191" type="stmt" count="0"/>
        <line num="192" type="stmt" count="0"/>
        <line num="193" type="stmt" count="0"/>
        <line num="206" type="method" name="isSubclassOf" crap="20" count="0"/>
        <line num="208" type="stmt" count="0"/>
        <line num="209" type="stmt" count="0"/>
        <line num="211" type="stmt" count="0"/>
        <line num="212" type="stmt" count="0"/>
        <line num="214" type="stmt" count="0"/>
        <line num="215" type="stmt" count="0"/>
        <line num="217" type="stmt" count="0"/>
        <line num="218" type="stmt" count="0"/>
        <metrics loc="220" ncloc="131" classes="1" methods="7" coveredmethods="0" conditionals="0" coveredconditionals="0" statements="67" coveredstatements="0" elements="74" coveredelements="0"/>
      </file>
      <file name="/var/www/Db/vendor/zendframework/zendframework/library/Zend/Loader/ClassMapAutoloader.php">
        <class name="ClassMapAutoloader" namespace="Zend\Loader">
          <metrics methods="10" coveredmethods="1" conditionals="0" coveredconditionals="0" statements="68" coveredstatements="4" elements="78" coveredelements="5"/>
        </class>
        <line num="0" type="stmt" count="1"/>
        <line num="43" type="method" name="__construct" crap="6" count="0"/>
        <line num="45" type="stmt" count="0"/>
        <line num="46" type="stmt" count="0"/>
        <line num="47" type="stmt" count="0"/>
        <line num="48" type="stmt" count="0"/>
        <line num="58" type="method" name="setOptions" crap="2" count="0"/>
        <line num="60" type="stmt" count="0"/>
        <line num="61" type="stmt" count="0"/>
        <line num="77" type="method" name="registerAutoloadMap" crap="56" count="0"/>
        <line num="79" type="stmt" count="0"/>
        <line num="80" type="stmt" count="0"/>
        <line num="81" type="stmt" count="0"/>
        <line num="82" type="stmt" count="0"/>
        <line num="84" type="stmt" count="0"/>
        <line num="86" type="stmt" count="0"/>
        <line num="87" type="stmt" count="0"/>
        <line num="88" type="stmt" count="0"/>
        <line num="89" type="stmt" count="0"/>
        <line num="90" type="stmt" count="0"/>
        <line num="91" type="stmt" count="0"/>
        <line num="94" type="stmt" count="0"/>
        <line num="96" type="stmt" count="0"/>
        <line num="97" type="stmt" count="0"/>
        <line num="98" type="stmt" count="0"/>
        <line num="100" type="stmt" count="0"/>
        <line num="110" type="method" name="registerAutoloadMaps" crap="20" count="0"/>
        <line num="112" type="stmt" count="0"/>
        <line num="113" type="stmt" count="0"/>
        <line num="114" type="stmt" count="0"/>
        <line num="116" type="stmt" count="0"/>
        <line num="117" type="stmt" count="0"/>
        <line num="118" type="stmt" count="0"/>
        <line num="119" type="stmt" count="0"/>
        <line num="127" type="method" name="getAutoloadMap" crap="2" count="0"/>
        <line num="129" type="stmt" count="0"/>
        <line num="135" type="method" name="autoload" crap="2" count="8"/>
        <line num="137" type="stmt" count="8"/>
        <line num="138" type="stmt" count="2"/>
        <line num="140" type="stmt" count="2"/>
        <line num="143" type="stmt" count="8"/>
        <line num="151" type="method" name="register" crap="2" count="0"/>
        <line num="153" type="stmt" count="0"/>
        <line num="154" type="stmt" count="0"/>
        <line num="167" type="method" name="loadMapFromFile" crap="30" count="0"/>
        <line num="169" type="stmt" count="0"/>
        <line num="170" type="stmt" count="0"/>
        <line num="171" type="stmt" count="0"/>
        <line num="172" type="stmt" count="0"/>
        <line num="173" type="stmt" count="0"/>
        <line num="174" type="stmt" count="0"/>
        <line num="177" type="stmt" count="0"/>
        <line num="178" type="stmt" count="0"/>
        <line num="179" type="stmt" count="0"/>
        <line num="181" type="stmt" count="0"/>
        <line num="183" type="stmt" count="0"/>
        <line num="186" type="stmt" count="0"/>
        <line num="188" type="stmt" count="0"/>
        <line num="198" type="method" name="realPharPath" crap="30" count="0"/>
        <line num="200" type="stmt" count="0"/>
        <line num="201" type="stmt" count="0"/>
        <line num="204" type="stmt" count="0"/>
        <line num="205" type="stmt" count="0"/>
        <line num="206" type="stmt" count="0"/>
        <line num="207" type="stmt" count="0"/>
        <line num="210" type="stmt" count="0"/>
        <line num="211" type="stmt" count="0"/>
        <line num="212" type="stmt" count="0"/>
        <line num="213" type="stmt" count="0"/>
        <line num="214" type="stmt" count="0"/>
        <line num="216" type="stmt" count="0"/>
        <line num="217" type="stmt" count="0"/>
        <line num="219" type="stmt" count="0"/>
        <metrics loc="220" ncloc="130" classes="1" methods="10" coveredmethods="1" conditionals="0" coveredconditionals="0" statements="63" coveredstatements="4" elements="73" coveredelements="5"/>
      </file>
      <file name="/var/www/Db/vendor/zendframework/zendframework/library/Zend/Loader/ModuleAutoloader.php">
        <class name="ModuleAutoloader" namespace="Zend\Loader">
          <metrics methods="14" coveredmethods="0" conditionals="0" coveredconditionals="0" statements="156" coveredstatements="0" elements="170" coveredelements="0"/>
        </class>
        <line num="53" type="method" name="__construct" crap="30" count="0"/>
        <line num="55" type="stmt" count="0"/>
        <line num="56" type="stmt" count="0"/>
        <line num="57" type="stmt" count="0"/>
        <line num="58" type="stmt" count="0"/>
        <line num="59" type="stmt" count="0"/>
        <line num="63" type="stmt" count="0"/>
        <line num="64" type="stmt" count="0"/>
        <line num="65" type="stmt" count="0"/>
        <line num="66" type="stmt" count="0"/>
        <line num="68" type="stmt" count="0"/>
        <line num="69" type="stmt" count="0"/>
        <line num="70" type="stmt" count="0"/>
        <line num="73" type="stmt" count="0"/>
        <line num="74" type="stmt" count="0"/>
        <line num="75" type="stmt" count="0"/>
        <line num="76" type="stmt" count="0"/>
        <line num="77" type="stmt" count="0"/>
        <line num="78" type="stmt" count="0"/>
        <line num="80" type="stmt" count="0"/>
        <line num="81" type="stmt" count="0"/>
        <line num="82" type="stmt" count="0"/>
        <line num="83" type="stmt" count="0"/>
        <line num="94" type="method" name="setOptions" crap="2" count="0"/>
        <line num="96" type="stmt" count="0"/>
        <line num="97" type="stmt" count="0"/>
        <line num="105" type="method" name="getModuleClassMap" crap="2" count="0"/>
        <line num="107" type="stmt" count="0"/>
        <line num="116" type="method" name="setModuleClassMap" crap="2" count="0"/>
        <line num="118" type="stmt" count="0"/>
        <line num="120" type="stmt" count="0"/>
        <line num="131" type="method" name="autoload" crap="380" count="0"/>
        <line num="134" type="stmt" count="0"/>
        <line num="135" type="stmt" count="0"/>
        <line num="138" type="stmt" count="0"/>
        <line num="139" type="stmt" count="0"/>
        <line num="140" type="stmt" count="0"/>
        <line num="143" type="stmt" count="0"/>
        <line num="144" type="stmt" count="0"/>
        <line num="145" type="stmt" count="0"/>
        <line num="146" type="stmt" count="0"/>
        <line num="147" type="stmt" count="0"/>
        <line num="150" type="stmt" count="0"/>
        <line num="151" type="stmt" count="0"/>
        <line num="152" type="stmt" count="0"/>
        <line num="154" type="stmt" count="0"/>
        <line num="156" type="stmt" count="0"/>
        <line num="157" type="stmt" count="0"/>
        <line num="158" type="stmt" count="0"/>
        <line num="159" type="stmt" count="0"/>
        <line num="162" type="stmt" count="0"/>
        <line num="163" type="stmt" count="0"/>
        <line num="165" type="stmt" count="0"/>
        <line num="166" type="stmt" count="0"/>
        <line num="167" type="stmt" count="0"/>
        <line num="170" type="stmt" count="0"/>
        <line num="171" type="stmt" count="0"/>
        <line num="172" type="stmt" count="0"/>
        <line num="174" type="stmt" count="0"/>
        <line num="175" type="stmt" count="0"/>
        <line num="178" type="stmt" count="0"/>
        <line num="180" type="stmt" count="0"/>
        <line num="181" type="stmt" count="0"/>
        <line num="182" type="stmt" count="0"/>
        <line num="183" type="stmt" count="0"/>
        <line num="185" type="stmt" count="0"/>
        <line num="186" type="stmt" count="0"/>
        <line num="188" type="stmt" count="0"/>
        <line num="189" type="stmt" count="0"/>
        <line num="190" type="stmt" count="0"/>
        <line num="194" type="stmt" count="0"/>
        <line num="195" type="stmt" count="0"/>
        <line num="196" type="stmt" count="0"/>
        <line num="197" type="stmt" count="0"/>
        <line num="200" type="stmt" count="0"/>
        <line num="201" type="stmt" count="0"/>
        <line num="204" type="stmt" count="0"/>
        <line num="205" type="stmt" count="0"/>
        <line num="206" type="stmt" count="0"/>
        <line num="208" type="stmt" count="0"/>
        <line num="209" type="stmt" count="0"/>
        <line num="210" type="stmt" count="0"/>
        <line num="212" type="stmt" count="0"/>
        <line num="224" type="method" name="loadModuleFromDir" crap="20" count="0"/>
        <line num="226" type="stmt" count="0"/>
        <line num="227" type="stmt" count="0"/>
        <line num="229" type="stmt" count="0"/>
        <line num="230" type="stmt" count="0"/>
        <line num="231" type="stmt" count="0"/>
        <line num="232" type="stmt" count="0"/>
        <line num="234" type="stmt" count="0"/>
        <line num="235" type="stmt" count="0"/>
        <line num="247" type="method" name="loadModuleFromPhar" crap="132" count="0"/>
        <line num="249" type="stmt" count="0"/>
        <line num="250" type="stmt" count="0"/>
        <line num="251" type="stmt" count="0"/>
        <line num="252" type="stmt" count="0"/>
        <line num="255" type="stmt" count="0"/>
        <line num="258" type="stmt" count="0"/>
        <line num="260" type="stmt" count="0"/>
        <line num="261" type="stmt" count="0"/>
        <line num="262" type="stmt" count="0"/>
        <line num="263" type="stmt" count="0"/>
        <line num="265" type="stmt" count="0"/>
        <line num="268" type="stmt" count="0"/>
        <line num="269" type="stmt" count="0"/>
        <line num="270" type="stmt" count="0"/>
        <line num="271" type="stmt" count="0"/>
        <line num="272" type="stmt" count="0"/>
        <line num="273" type="stmt" count="0"/>
        <line num="274" type="stmt" count="0"/>
        <line num="276" type="stmt" count="0"/>
        <line num="281" type="stmt" count="0"/>
        <line num="282" type="stmt" count="0"/>
        <line num="283" type="stmt" count="0"/>
        <line num="284" type="stmt" count="0"/>
        <line num="285" type="stmt" count="0"/>
        <line num="286" type="stmt" count="0"/>
        <line num="287" type="stmt" count="0"/>
        <line num="288" type="stmt" count="0"/>
        <line num="290" type="stmt" count="0"/>
        <line num="292" type="stmt" count="0"/>
        <line num="300" type="method" name="register" crap="2" count="0"/>
        <line num="302" type="stmt" count="0"/>
        <line num="303" type="stmt" count="0"/>
        <line num="310" type="method" name="unregister" crap="2" count="0"/>
        <line num="312" type="stmt" count="0"/>
        <line num="313" type="stmt" count="0"/>
        <line num="322" type="method" name="registerPaths" crap="30" count="0"/>
        <line num="324" type="stmt" count="0"/>
        <line num="325" type="stmt" count="0"/>
        <line num="326" type="stmt" count="0"/>
        <line num="329" type="stmt" count="0"/>
        <line num="330" type="stmt" count="0"/>
        <line num="333" type="stmt" count="0"/>
        <line num="334" type="stmt" count="0"/>
        <line num="335" type="stmt" count="0"/>
        <line num="336" type="stmt" count="0"/>
        <line num="337" type="stmt" count="0"/>
        <line num="339" type="stmt" count="0"/>
        <line num="341" type="stmt" count="0"/>
        <line num="352" type="method" name="registerPath" crap="20" count="0"/>
        <line num="354" type="stmt" count="0"/>
        <line num="355" type="stmt" count="0"/>
        <line num="356" type="stmt" count="0"/>
        <line num="357" type="stmt" count="0"/>
        <line num="358" type="stmt" count="0"/>
        <line num="359" type="stmt" count="0"/>
        <line num="361" type="stmt" count="0"/>
        <line num="362" type="stmt" count="0"/>
        <line num="363" type="stmt" count="0"/>
        <line num="364" type="stmt" count="0"/>
        <line num="365" type="stmt" count="0"/>
        <line num="367" type="stmt" count="0"/>
        <line num="368" type="stmt" count="0"/>
        <line num="370" type="stmt" count="0"/>
        <line num="380" type="method" name="getPaths" crap="2" count="0"/>
        <line num="382" type="stmt" count="0"/>
        <line num="391" type="method" name="pharFileToModuleName" crap="6" count="0"/>
        <line num="394" type="stmt" count="0"/>
        <line num="395" type="stmt" count="0"/>
        <line num="396" type="stmt" count="0"/>
        <line num="397" type="stmt" count="0"/>
        <line num="407" type="method" name="normalizePath" crap="6" count="0"/>
        <line num="409" type="stmt" count="0"/>
        <line num="410" type="stmt" count="0"/>
        <line num="411" type="stmt" count="0"/>
        <line num="412" type="stmt" count="0"/>
        <line num="413" type="stmt" count="0"/>
        <line num="414" type="stmt" count="0"/>
        <metrics loc="416" ncloc="272" classes="1" methods="14" coveredmethods="0" conditionals="0" coveredconditionals="0" statements="156" coveredstatements="0" elements="170" coveredelements="0"/>
      </file>
      <file name="/var/www/Db/vendor/zendframework/zendframework/library/Zend/Loader/StandardAutoloader.php">
        <class name="StandardAutoloader" namespace="Zend\Loader">
          <metrics methods="13" coveredmethods="4" conditionals="0" coveredconditionals="0" statements="102" coveredstatements="20" elements="115" coveredelements="24"/>
        </class>
        <line num="0" type="stmt" count="1"/>
        <line num="13" type="stmt" count="1"/>
        <line num="51" type="method" name="__construct" crap="6" count="0"/>
        <line num="53" type="stmt" count="0"/>
        <line num="54" type="stmt" count="0"/>
        <line num="55" type="stmt" count="0"/>
        <line num="56" type="stmt" count="0"/>
        <line num="80" type="method" name="setOptions" crap="182" count="0"/>
        <line num="82" type="stmt" count="0"/>
        <line num="83" type="stmt" count="0"/>
        <line num="84" type="stmt" count="0"/>
        <line num="87" type="stmt" count="0"/>
        <line num="89" type="stmt" count="0"/>
        <line num="90" type="stmt" count="0"/>
        <line num="91" type="stmt" count="0"/>
        <line num="92" type="stmt" count="0"/>
        <line num="93" type="stmt" count="0"/>
        <line num="94" type="stmt" count="0"/>
        <line num="95" type="stmt" count="0"/>
        <line num="96" type="stmt" count="0"/>
        <line num="97" type="stmt" count="0"/>
        <line num="98" type="stmt" count="0"/>
        <line num="99" type="stmt" count="0"/>
        <line num="100" type="stmt" count="0"/>
        <line num="101" type="stmt" count="0"/>
        <line num="102" type="stmt" count="0"/>
        <line num="103" type="stmt" count="0"/>
        <line num="104" type="stmt" count="0"/>
        <line num="105" type="stmt" count="0"/>
        <line num="106" type="stmt" count="0"/>
        <line num="107" type="stmt" count="0"/>
        <line num="109" type="stmt" count="0"/>
        <line num="110" type="stmt" count="0"/>
        <line num="111" type="stmt" count="0"/>
        <line num="120" type="method" name="setFallbackAutoloader" crap="2" count="0"/>
        <line num="122" type="stmt" count="0"/>
        <line num="123" type="stmt" count="0"/>
        <line num="131" type="method" name="isFallbackAutoloader" crap="1" count="1"/>
        <line num="133" type="stmt" count="1"/>
        <line num="143" type="method" name="registerNamespace" crap="2" count="0"/>
        <line num="145" type="stmt" count="0"/>
        <line num="146" type="stmt" count="0"/>
        <line num="147" type="stmt" count="0"/>
        <line num="157" type="method" name="registerNamespaces" crap="20" count="0"/>
        <line num="159" type="stmt" count="0"/>
        <line num="160" type="stmt" count="0"/>
        <line num="161" type="stmt" count="0"/>
        <line num="164" type="stmt" count="0"/>
        <line num="165" type="stmt" count="0"/>
        <line num="166" type="stmt" count="0"/>
        <line num="167" type="stmt" count="0"/>
        <line num="177" type="method" name="registerPrefix" crap="2" count="0"/>
        <line num="179" type="stmt" count="0"/>
        <line num="180" type="stmt" count="0"/>
        <line num="181" type="stmt" count="0"/>
        <line num="191" type="method" name="registerPrefixes" crap="20" count="0"/>
        <line num="193" type="stmt" count="0"/>
        <line num="194" type="stmt" count="0"/>
        <line num="195" type="stmt" count="0"/>
        <line num="198" type="stmt" count="0"/>
        <line num="199" type="stmt" count="0"/>
        <line num="200" type="stmt" count="0"/>
        <line num="201" type="stmt" count="0"/>
        <line num="210" type="method" name="autoload" crap="35.00" count="1"/>
        <line num="212" type="stmt" count="1"/>
        <line num="213" type="stmt" count="1"/>
        <line num="214" type="stmt" count="1"/>
        <line num="215" type="stmt" count="1"/>
        <line num="216" type="stmt" count="0"/>
        <line num="217" type="stmt" count="0"/>
        <line num="219" type="stmt" count="0"/>
        <line num="221" type="stmt" count="0"/>
        <line num="222" type="stmt" count="0"/>
        <line num="223" type="stmt" count="0"/>
        <line num="224" type="stmt" count="0"/>
        <line num="225" type="stmt" count="0"/>
        <line num="227" type="stmt" count="0"/>
        <line num="229" type="stmt" count="0"/>
        <line num="230" type="stmt" count="0"/>
        <line num="232" type="stmt" count="0"/>
        <line num="240" type="method" name="register" crap="2" count="0"/>
        <line num="242" type="stmt" count="0"/>
        <line num="243" type="stmt" count="0"/>
        <line num="252" type="method" name="transformClassNameToFilename" crap="3" count="1"/>
        <line num="256" type="stmt" count="1"/>
        <line num="257" type="stmt" count="1"/>
        <line num="259" type="stmt" count="1"/>
        <line num="260" type="stmt" count="1"/>
        <line num="263" type="stmt" count="1"/>
        <line num="264" type="stmt" count="1"/>
        <line num="265" type="stmt" count="1"/>
        <line num="276" type="method" name="loadClass" crap="15.40" count="1"/>
        <line num="278" type="stmt" count="1"/>
        <line num="279" type="stmt" count="0"/>
        <line num="280" type="stmt" count="0"/>
        <line num="284" type="stmt" count="1"/>
        <line num="286" type="stmt" count="0"/>
        <line num="287" type="stmt" count="0"/>
        <line num="288" type="stmt" count="0"/>
        <line num="289" type="stmt" count="0"/>
        <line num="291" type="stmt" count="0"/>
        <line num="295" type="stmt" count="1"/>
        <line num="296" type="stmt" count="1"/>
        <line num="298" type="stmt" count="1"/>
        <line num="301" type="stmt" count="1"/>
        <line num="302" type="stmt" count="1"/>
        <line num="303" type="stmt" count="1"/>
        <line num="305" type="stmt" count="0"/>
        <line num="307" type="stmt" count="0"/>
        <line num="308" type="stmt" count="0"/>
        <line num="317" type="method" name="normalizeDirectory" crap="6" count="0"/>
        <line num="319" type="stmt" count="0"/>
        <line num="320" type="stmt" count="0"/>
        <line num="321" type="stmt" count="0"/>
        <line num="322" type="stmt" count="0"/>
        <line num="324" type="stmt" count="0"/>
        <line num="325" type="stmt" count="0"/>
        <metrics loc="327" ncloc="188" classes="1" methods="13" coveredmethods="2" conditionals="0" coveredconditionals="0" statements="103" coveredstatements="21" elements="116" coveredelements="23"/>
      </file>
    </package>
    <package name="Zend\ModuleManager\Listener">
      <file name="/var/www/Db/vendor/zendframework/zendframework/library/Zend/ModuleManager/Listener/AbstractListener.php">
        <class name="AbstractListener" namespace="Zend\ModuleManager\Listener">
          <metrics methods="4" coveredmethods="0" conditionals="0" coveredconditionals="0" statements="11" coveredstatements="0" elements="15" coveredelements="0"/>
        </class>
        <line num="27" type="method" name="__construct" crap="6" count="0"/>
        <line num="29" type="stmt" count="0"/>
        <line num="30" type="stmt" count="0"/>
        <line num="31" type="stmt" count="0"/>
        <line num="32" type="stmt" count="0"/>
        <line num="34" type="stmt" count="0"/>
        <line num="41" type="method" name="getOptions" crap="2" count="0"/>
        <line num="43" type="stmt" count="0"/>
        <line num="52" type="method" name="setOptions" crap="2" count="0"/>
        <line num="54" type="stmt" count="0"/>
        <line num="55" type="stmt" count="0"/>
        <line num="65" type="method" name="writeArrayToFile" crap="2" count="0"/>
        <line num="67" type="stmt" count="0"/>
        <line num="68" type="stmt" count="0"/>
        <line num="69" type="stmt" count="0"/>
        <metrics loc="71" ncloc="35" classes="1" methods="4" coveredmethods="0" conditionals="0" coveredconditionals="0" statements="11" coveredstatements="0" elements="15" coveredelements="0"/>
      </file>
      <file name="/var/www/Db/vendor/zendframework/zendframework/library/Zend/ModuleManager/Listener/AutoloaderListener.php">
        <class name="AutoloaderListener" namespace="Zend\ModuleManager\Listener">
          <metrics methods="1" coveredmethods="0" conditionals="0" coveredconditionals="0" statements="7" coveredstatements="0" elements="8" coveredelements="0"/>
        </class>
        <line num="26" type="method" name="__invoke" crap="12" count="0"/>
        <line num="28" type="stmt" count="0"/>
        <line num="30" type="stmt" count="0"/>
        <line num="31" type="stmt" count="0"/>
        <line num="32" type="stmt" count="0"/>
        <line num="34" type="stmt" count="0"/>
        <line num="35" type="stmt" count="0"/>
        <line num="36" type="stmt" count="0"/>
        <metrics loc="37" ncloc="23" classes="1" methods="1" coveredmethods="0" conditionals="0" coveredconditionals="0" statements="7" coveredstatements="0" elements="8" coveredelements="0"/>
      </file>
      <file name="/var/www/Db/vendor/zendframework/zendframework/library/Zend/ModuleManager/Listener/ConfigListener.php">
        <class name="ConfigListener" namespace="Zend\ModuleManager\Listener">
          <metrics methods="18" coveredmethods="0" conditionals="0" coveredconditionals="0" statements="105" coveredstatements="0" elements="123" coveredelements="0"/>
        </class>
        <line num="67" type="method" name="__construct" crap="6" count="0"/>
        <line num="69" type="stmt" count="0"/>
        <line num="70" type="stmt" count="0"/>
        <line num="71" type="stmt" count="0"/>
        <line num="72" type="stmt" count="0"/>
        <line num="73" type="stmt" count="0"/>
        <line num="74" type="stmt" count="0"/>
        <line num="75" type="stmt" count="0"/>
        <line num="77" type="stmt" count="0"/>
        <line num="82" type="method" name="attach" crap="6" count="0"/>
        <line num="84" type="stmt" count="0"/>
        <line num="86" type="stmt" count="0"/>
        <line num="88" type="stmt" count="0"/>
        <line num="91" type="stmt" count="0"/>
        <line num="92" type="stmt" count="0"/>
        <line num="94" type="stmt" count="0"/>
        <line num="103" type="method" name="onloadModulesPre" crap="2" count="0"/>
        <line num="105" type="stmt" count="0"/>
        <line num="107" type="stmt" count="0"/>
        <line num="116" type="method" name="onLoadModule" crap="12" count="0"/>
        <line num="118" type="stmt" count="0"/>
        <line num="121" type="stmt" count="0"/>
        <line num="122" type="stmt" count="0"/>
        <line num="123" type="stmt" count="0"/>
        <line num="126" type="stmt" count="0"/>
        <line num="127" type="stmt" count="0"/>
        <line num="129" type="stmt" count="0"/>
        <line num="140" type="method" name="onLoadModulesPost" crap="42" count="0"/>
        <line num="143" type="stmt" count="0"/>
        <line num="144" type="stmt" count="0"/>
        <line num="145" type="stmt" count="0"/>
        <line num="148" type="stmt" count="0"/>
        <line num="149" type="stmt" count="0"/>
        <line num="150" type="stmt" count="0"/>
        <line num="151" type="stmt" count="0"/>
        <line num="155" type="stmt" count="0"/>
        <line num="156" type="stmt" count="0"/>
        <line num="157" type="stmt" count="0"/>
        <line num="158" type="stmt" count="0"/>
        <line num="159" type="stmt" count="0"/>
        <line num="160" type="stmt" count="0"/>
        <line num="162" type="stmt" count="0"/>
        <line num="168" type="method" name="detach" crap="12" count="0"/>
        <line num="170" type="stmt" count="0"/>
        <line num="171" type="stmt" count="0"/>
        <line num="172" type="stmt" count="0"/>
        <line num="173" type="stmt" count="0"/>
        <line num="174" type="stmt" count="0"/>
        <line num="175" type="stmt" count="0"/>
        <line num="183" type="method" name="getMergedConfig" crap="12" count="0"/>
        <line num="185" type="stmt" count="0"/>
        <line num="186" type="stmt" count="0"/>
        <line num="187" type="stmt" count="0"/>
        <line num="188" type="stmt" count="0"/>
        <line num="189" type="stmt" count="0"/>
        <line num="192" type="stmt" count="0"/>
        <line num="201" type="method" name="setMergedConfig" crap="2" count="0"/>
        <line num="203" type="stmt" count="0"/>
        <line num="204" type="stmt" count="0"/>
        <line num="205" type="stmt" count="0"/>
        <line num="214" type="method" name="addConfigGlobPaths" crap="2" count="0"/>
        <line num="216" type="stmt" count="0"/>
        <line num="217" type="stmt" count="0"/>
        <line num="226" type="method" name="addConfigGlobPath" crap="2" count="0"/>
        <line num="228" type="stmt" count="0"/>
        <line num="229" type="stmt" count="0"/>
        <line num="238" type="method" name="addConfigStaticPaths" crap="2" count="0"/>
        <line num="240" type="stmt" count="0"/>
        <line num="241" type="stmt" count="0"/>
        <line num="250" type="method" name="addConfigStaticPath" crap="2" count="0"/>
        <line num="252" type="stmt" count="0"/>
        <line num="253" type="stmt" count="0"/>
        <line num="264" type="method" name="addConfigPaths" crap="20" count="0"/>
        <line num="266" type="stmt" count="0"/>
        <line num="267" type="stmt" count="0"/>
        <line num="268" type="stmt" count="0"/>
        <line num="270" type="stmt" count="0"/>
        <line num="271" type="stmt" count="0"/>
        <line num="272" type="stmt" count="0"/>
        <line num="274" type="stmt" count="0"/>
        <line num="275" type="stmt" count="0"/>
        <line num="276" type="stmt" count="0"/>
        <line num="279" type="stmt" count="0"/>
        <line num="280" type="stmt" count="0"/>
        <line num="281" type="stmt" count="0"/>
        <line num="282" type="stmt" count="0"/>
        <line num="292" type="method" name="addConfigPath" crap="6" count="0"/>
        <line num="294" type="stmt" count="0"/>
        <line num="295" type="stmt" count="0"/>
        <line num="296" type="stmt" count="0"/>
        <line num="297" type="stmt" count="0"/>
        <line num="298" type="stmt" count="0"/>
        <line num="300" type="stmt" count="0"/>
        <line num="301" type="stmt" count="0"/>
        <line num="310" type="method" name="addConfig" crap="12" count="0"/>
        <line num="312" type="stmt" count="0"/>
        <line num="313" type="stmt" count="0"/>
        <line num="314" type="stmt" count="0"/>
        <line num="316" type="stmt" count="0"/>
        <line num="317" type="stmt" count="0"/>
        <line num="318" type="stmt" count="0"/>
        <line num="320" type="stmt" count="0"/>
        <line num="321" type="stmt" count="0"/>
        <line num="324" type="stmt" count="0"/>
        <line num="326" type="stmt" count="0"/>
        <line num="337" type="method" name="addConfigByPath" crap="20" count="0"/>
        <line num="340" type="stmt" count="0"/>
        <line num="341" type="stmt" count="0"/>
        <line num="342" type="stmt" count="0"/>
        <line num="344" type="stmt" count="0"/>
        <line num="347" type="stmt" count="0"/>
        <line num="348" type="stmt" count="0"/>
        <line num="349" type="stmt" count="0"/>
        <line num="350" type="stmt" count="0"/>
        <line num="353" type="stmt" count="0"/>
        <line num="359" type="method" name="hasCachedConfig" crap="12" count="0"/>
        <line num="361" type="stmt" count="0"/>
        <line num="362" type="stmt" count="0"/>
        <line num="363" type="stmt" count="0"/>
        <line num="364" type="stmt" count="0"/>
        <line num="366" type="stmt" count="0"/>
        <line num="372" type="method" name="getCachedConfig" crap="2" count="0"/>
        <line num="374" type="stmt" count="0"/>
        <metrics loc="376" ncloc="233" classes="1" methods="18" coveredmethods="0" conditionals="0" coveredconditionals="0" statements="105" coveredstatements="0" elements="123" coveredelements="0"/>
      </file>
      <file name="/var/www/Db/vendor/zendframework/zendframework/library/Zend/ModuleManager/Listener/DefaultListenerAggregate.php">
        <class name="DefaultListenerAggregate" namespace="Zend\ModuleManager\Listener">
          <metrics methods="4" coveredmethods="0" conditionals="0" coveredconditionals="0" statements="34" coveredstatements="0" elements="38" coveredelements="0"/>
        </class>
        <line num="39" type="method" name="attach" crap="6" count="0"/>
        <line num="41" type="stmt" count="0"/>
        <line num="42" type="stmt" count="0"/>
        <line num="43" type="stmt" count="0"/>
        <line num="46" type="stmt" count="0"/>
        <line num="47" type="stmt" count="0"/>
        <line num="49" type="stmt" count="0"/>
        <line num="51" type="stmt" count="0"/>
        <line num="52" type="stmt" count="0"/>
        <line num="53" type="stmt" count="0"/>
        <line num="55" type="stmt" count="0"/>
        <line num="56" type="stmt" count="0"/>
        <line num="57" type="stmt" count="0"/>
        <line num="58" type="stmt" count="0"/>
        <line num="59" type="stmt" count="0"/>
        <line num="68" type="method" name="detach" crap="42" count="0"/>
        <line num="70" type="stmt" count="0"/>
        <line num="71" type="stmt" count="0"/>
        <line num="72" type="stmt" count="0"/>
        <line num="73" type="stmt" count="0"/>
        <line num="75" type="stmt" count="0"/>
        <line num="76" type="stmt" count="0"/>
        <line num="77" type="stmt" count="0"/>
        <line num="78" type="stmt" count="0"/>
        <line num="79" type="stmt" count="0"/>
        <line num="81" type="stmt" count="0"/>
        <line num="82" type="stmt" count="0"/>
        <line num="83" type="stmt" count="0"/>
        <line num="84" type="stmt" count="0"/>
        <line num="85" type="stmt" count="0"/>
        <line num="92" type="method" name="getConfigListener" crap="6" count="0"/>
        <line num="94" type="stmt" count="0"/>
        <line num="95" type="stmt" count="0"/>
        <line num="96" type="stmt" count="0"/>
        <line num="97" type="stmt" count="0"/>
        <line num="106" type="method" name="setConfigListener" crap="2" count="0"/>
        <line num="108" type="stmt" count="0"/>
        <line num="109" type="stmt" count="0"/>
        <metrics loc="111" ncloc="68" classes="1" methods="4" coveredmethods="0" conditionals="0" coveredconditionals="0" statements="34" coveredstatements="0" elements="38" coveredelements="0"/>
      </file>
      <file name="/var/www/Db/vendor/zendframework/zendframework/library/Zend/ModuleManager/Listener/InitTrigger.php">
        <class name="InitTrigger" namespace="Zend\ModuleManager\Listener">
          <metrics methods="1" coveredmethods="0" conditionals="0" coveredconditionals="0" statements="6" coveredstatements="0" elements="7" coveredelements="0"/>
        </class>
        <line num="24" type="method" name="__invoke" crap="12" count="0"/>
        <line num="26" type="stmt" count="0"/>
        <line num="28" type="stmt" count="0"/>
        <line num="29" type="stmt" count="0"/>
        <line num="30" type="stmt" count="0"/>
        <line num="33" type="stmt" count="0"/>
        <line num="34" type="stmt" count="0"/>
        <metrics loc="35" ncloc="21" classes="1" methods="1" coveredmethods="0" conditionals="0" coveredconditionals="0" statements="6" coveredstatements="0" elements="7" coveredelements="0"/>
      </file>
      <file name="/var/www/Db/vendor/zendframework/zendframework/library/Zend/ModuleManager/Listener/ListenerOptions.php">
        <class name="ListenerOptions" namespace="Zend\ModuleManager\Listener">
          <metrics methods="23" coveredmethods="0" conditionals="0" coveredconditionals="0" statements="62" coveredstatements="0" elements="85" coveredelements="0"/>
        </class>
        <line num="75" type="method" name="getModulePaths" crap="2" count="0"/>
        <line num="77" type="stmt" count="0"/>
        <line num="87" type="method" name="setModulePaths" crap="12" count="0"/>
        <line num="89" type="stmt" count="0"/>
        <line num="90" type="stmt" count="0"/>
        <line num="91" type="stmt" count="0"/>
        <line num="93" type="stmt" count="0"/>
        <line num="94" type="stmt" count="0"/>
        <line num="95" type="stmt" count="0"/>
        <line num="98" type="stmt" count="0"/>
        <line num="99" type="stmt" count="0"/>
        <line num="107" type="method" name="getConfigGlobPaths" crap="2" count="0"/>
        <line num="109" type="stmt" count="0"/>
        <line num="117" type="method" name="getConfigStaticPaths" crap="2" count="0"/>
        <line num="119" type="stmt" count="0"/>
        <line num="129" type="method" name="setConfigGlobPaths" crap="12" count="0"/>
        <line num="131" type="stmt" count="0"/>
        <line num="132" type="stmt" count="0"/>
        <line num="133" type="stmt" count="0"/>
        <line num="135" type="stmt" count="0"/>
        <line num="136" type="stmt" count="0"/>
        <line num="137" type="stmt" count="0"/>
        <line num="140" type="stmt" count="0"/>
        <line num="141" type="stmt" count="0"/>
        <line num="151" type="method" name="setConfigStaticPaths" crap="12" count="0"/>
        <line num="153" type="stmt" count="0"/>
        <line num="154" type="stmt" count="0"/>
        <line num="155" type="stmt" count="0"/>
        <line num="157" type="stmt" count="0"/>
        <line num="158" type="stmt" count="0"/>
        <line num="159" type="stmt" count="0"/>
        <line num="162" type="stmt" count="0"/>
        <line num="163" type="stmt" count="0"/>
        <line num="171" type="method" name="getExtraConfig" crap="2" count="0"/>
        <line num="173" type="stmt" count="0"/>
        <line num="184" type="method" name="setExtraConfig" crap="12" count="0"/>
        <line num="186" type="stmt" count="0"/>
        <line num="187" type="stmt" count="0"/>
        <line num="188" type="stmt" count="0"/>
        <line num="190" type="stmt" count="0"/>
        <line num="191" type="stmt" count="0"/>
        <line num="192" type="stmt" count="0"/>
        <line num="195" type="stmt" count="0"/>
        <line num="196" type="stmt" count="0"/>
        <line num="204" type="method" name="getConfigCacheEnabled" crap="2" count="0"/>
        <line num="206" type="stmt" count="0"/>
[...]
        <line num="152" type="stmt" count="0"/>
        <line num="153" type="stmt" count="0"/>
        <line num="156" type="stmt" count="0"/>
        <line num="157" type="stmt" count="0"/>
        <line num="160" type="stmt" count="0"/>
        <line num="176" type="method" name="inArray" crap="72" count="0"/>
        <line num="178" type="stmt" count="0"/>
        <line num="179" type="stmt" count="0"/>
        <line num="180" type="stmt" count="0"/>
        <line num="181" type="stmt" count="0"/>
        <line num="182" type="stmt" count="0"/>
        <line num="183" type="stmt" count="0"/>
        <line num="184" type="stmt" count="0"/>
        <line num="185" type="stmt" count="0"/>
        <line num="186" type="stmt" count="0"/>
        <line num="187" type="stmt" count="0"/>
        <line num="188" type="stmt" count="0"/>
        <line num="189" type="stmt" count="0"/>
        <line num="190" type="stmt" count="0"/>
        <line num="204" type="method" name="iteratorToArray" crap="110" count="0"/>
        <line num="206" type="stmt" count="0"/>
        <line num="207" type="stmt" count="0"/>
        <line num="210" type="stmt" count="0"/>
        <line num="211" type="stmt" count="0"/>
        <line num="212" type="stmt" count="0"/>
        <line num="215" type="stmt" count="0"/>
        <line num="218" type="stmt" count="0"/>
        <line num="219" type="stmt" count="0"/>
        <line num="222" type="stmt" count="0"/>
        <line num="223" type="stmt" count="0"/>
        <line num="224" type="stmt" count="0"/>
        <line num="225" type="stmt" count="0"/>
        <line num="226" type="stmt" count="0"/>
        <line num="229" type="stmt" count="0"/>
        <line num="230" type="stmt" count="0"/>
        <line num="231" type="stmt" count="0"/>
        <line num="234" type="stmt" count="0"/>
        <line num="235" type="stmt" count="0"/>
        <line num="236" type="stmt" count="0"/>
        <line num="239" type="stmt" count="0"/>
        <line num="240" type="stmt" count="0"/>
        <line num="242" type="stmt" count="0"/>
        <line num="257" type="method" name="merge" crap="42" count="0"/>
        <line num="259" type="stmt" count="0"/>
        <line num="260" type="stmt" count="0"/>
        <line num="261" type="stmt" count="0"/>
        <line num="262" type="stmt" count="0"/>
        <line num="263" type="stmt" count="0"/>
        <line num="264" type="stmt" count="0"/>
        <line num="265" type="stmt" count="0"/>
        <line num="266" type="stmt" count="0"/>
        <line num="268" type="stmt" count="0"/>
        <line num="269" type="stmt" count="0"/>
        <line num="271" type="stmt" count="0"/>
        <line num="273" type="stmt" count="0"/>
        <metrics loc="275" ncloc="150" classes="1" methods="8" coveredmethods="0" conditionals="0" coveredconditionals="0" statements="72" coveredstatements="0" elements="80" coveredelements="0"/>
      </file>
      <file name="/var/www/Db/vendor/zendframework/zendframework/library/Zend/Stdlib/CallbackHandler.php">
        <class name="CallbackHandler" namespace="Zend\Stdlib">
          <metrics methods="8" coveredmethods="0" conditionals="0" coveredconditionals="0" statements="67" coveredstatements="0" elements="75" coveredelements="0"/>
        </class>
        <line num="47" type="method" name="__construct" crap="2" count="0"/>
        <line num="49" type="stmt" count="0"/>
        <line num="50" type="stmt" count="0"/>
        <line num="51" type="stmt" count="0"/>
        <line num="60" type="method" name="registerCallback" crap="6" count="0"/>
        <line num="62" type="stmt" count="0"/>
        <line num="63" type="stmt" count="0"/>
        <line num="66" type="stmt" count="0"/>
        <line num="67" type="stmt" count="0"/>
        <line num="74" type="method" name="getCallback" crap="2" count="0"/>
        <line num="76" type="stmt" count="0"/>
        <line num="85" type="method" name="call" crap="210" count="0"/>
        <line num="87" type="stmt" count="0"/>
        <line num="90" type="stmt" count="0"/>
        <line num="91" type="stmt" count="0"/>
        <line num="92" type="stmt" count="0"/>
        <line num="94" type="stmt" count="0"/>
        <line num="96" type="stmt" count="0"/>
        <line num="97" type="stmt" count="0"/>
        <line num="99" type="stmt" count="0"/>
        <line num="100" type="stmt" count="0"/>
        <line num="103" type="stmt" count="0"/>
        <line num="104" type="stmt" count="0"/>
        <line num="105" type="stmt" count="0"/>
        <line num="110" type="stmt" count="0"/>
        <line num="111" type="stmt" count="0"/>
        <line num="112" type="stmt" count="0"/>
        <line num="114" type="stmt" count="0"/>
        <line num="115" type="stmt" count="0"/>
        <line num="116" type="stmt" count="0"/>
        <line num="117" type="stmt" count="0"/>
        <line num="119" type="stmt" count="0"/>
        <line num="120" type="stmt" count="0"/>
        <line num="121" type="stmt" count="0"/>
        <line num="122" type="stmt" count="0"/>
        <line num="123" type="stmt" count="0"/>
        <line num="124" type="stmt" count="0"/>
        <line num="126" type="stmt" count="0"/>
        <line num="127" type="stmt" count="0"/>
        <line num="128" type="stmt" count="0"/>
        <line num="129" type="stmt" count="0"/>
        <line num="130" type="stmt" count="0"/>
        <line num="131" type="stmt" count="0"/>
        <line num="132" type="stmt" count="0"/>
        <line num="134" type="stmt" count="0"/>
        <line num="135" type="stmt" count="0"/>
        <line num="136" type="stmt" count="0"/>
        <line num="137" type="stmt" count="0"/>
        <line num="145" type="method" name="__invoke" crap="2" count="0"/>
        <line num="147" type="stmt" count="0"/>
        <line num="155" type="method" name="getMetadata" crap="2" count="0"/>
        <line num="157" type="stmt" count="0"/>
        <line num="166" type="method" name="getMetadatum" crap="6" count="0"/>
        <line num="168" type="stmt" count="0"/>
        <line num="169" type="stmt" count="0"/>
        <line num="171" type="stmt" count="0"/>
        <line num="183" type="method" name="validateStringCallbackFor54" crap="30" count="0"/>
        <line num="185" type="stmt" count="0"/>
        <line num="186" type="stmt" count="0"/>
        <line num="189" type="stmt" count="0"/>
        <line num="191" type="stmt" count="0"/>
        <line num="192" type="stmt" count="0"/>
        <line num="193" type="stmt" count="0"/>
        <line num="195" type="stmt" count="0"/>
        <line num="198" type="stmt" count="0"/>
        <line num="199" type="stmt" count="0"/>
        <line num="200" type="stmt" count="0"/>
        <line num="201" type="stmt" count="0"/>
        <line num="203" type="stmt" count="0"/>
        <line num="205" type="stmt" count="0"/>
        <line num="206" type="stmt" count="0"/>
        <line num="207" type="stmt" count="0"/>
        <line num="208" type="stmt" count="0"/>
        <line num="210" type="stmt" count="0"/>
        <line num="216" type="stmt" count="0"/>
        <metrics loc="218" ncloc="128" classes="1" methods="8" coveredmethods="0" conditionals="0" coveredconditionals="0" statements="67" coveredstatements="0" elements="75" coveredelements="0"/>
      </file>
      <file name="/var/www/Db/vendor/zendframework/zendframework/library/Zend/Stdlib/PriorityQueue.php">
        <class name="PriorityQueue" namespace="Zend\Stdlib">
          <metrics methods="16" coveredmethods="0" conditionals="0" coveredconditionals="0" statements="74" coveredstatements="0" elements="90" coveredelements="0"/>
        </class>
        <line num="62" type="method" name="insert" crap="2" count="0"/>
        <line num="64" type="stmt" count="0"/>
        <line num="65" type="stmt" count="0"/>
        <line num="66" type="stmt" count="0"/>
        <line num="67" type="stmt" count="0"/>
        <line num="69" type="stmt" count="0"/>
        <line num="70" type="stmt" count="0"/>
        <line num="89" type="method" name="remove" crap="42" count="0"/>
        <line num="91" type="stmt" count="0"/>
        <line num="92" type="stmt" count="0"/>
        <line num="93" type="stmt" count="0"/>
        <line num="94" type="stmt" count="0"/>
        <line num="95" type="stmt" count="0"/>
        <line num="97" type="stmt" count="0"/>
        <line num="98" type="stmt" count="0"/>
        <line num="99" type="stmt" count="0"/>
        <line num="100" type="stmt" count="0"/>
        <line num="102" type="stmt" count="0"/>
        <line num="103" type="stmt" count="0"/>
        <line num="104" type="stmt" count="0"/>
        <line num="105" type="stmt" count="0"/>
        <line num="106" type="stmt" count="0"/>
        <line num="107" type="stmt" count="0"/>
        <line num="108" type="stmt" count="0"/>
        <line num="110" type="stmt" count="0"/>
        <line num="118" type="method" name="isEmpty" crap="2" count="0"/>
        <line num="120" type="stmt" count="0"/>
        <line num="128" type="method" name="count" crap="2" count="0"/>
        <line num="130" type="stmt" count="0"/>
        <line num="138" type="method" name="top" crap="2" count="0"/>
        <line num="140" type="stmt" count="0"/>
        <line num="148" type="method" name="extract" crap="2" count="0"/>
        <line num="150" type="stmt" count="0"/>
        <line num="165" type="method" name="getIterator" crap="2" count="0"/>
        <line num="167" type="stmt" count="0"/>
        <line num="168" type="stmt" count="0"/>
        <line num="176" type="method" name="serialize" crap="2" count="0"/>
        <line num="178" type="stmt" count="0"/>
        <line num="189" type="method" name="unserialize" crap="6" count="0"/>
        <line num="191" type="stmt" count="0"/>
        <line num="192" type="stmt" count="0"/>
        <line num="193" type="stmt" count="0"/>
        <line num="194" type="stmt" count="0"/>
        <line num="206" type="method" name="toArray" crap="20" count="0"/>
        <line num="209" type="stmt" count="0"/>
        <line num="210" type="stmt" count="0"/>
        <line num="212" type="stmt" count="0"/>
        <line num="213" type="stmt" count="0"/>
        <line num="214" type="stmt" count="0"/>
        <line num="215" type="stmt" count="0"/>
        <line num="216" type="stmt" count="0"/>
        <line num="217" type="stmt" count="0"/>
        <line num="218" type="method" name="anonymous function" crap="2" count="0"/>
        <line num="219" type="stmt" count="0"/>
        <line num="220" type="stmt" count="0"/>
        <line num="221" type="stmt" count="0"/>
        <line num="233" type="method" name="setInternalQueueClass" crap="2" count="0"/>
        <line num="235" type="stmt" count="0"/>
        <line num="236" type="stmt" count="0"/>
        <line num="245" type="method" name="contains" crap="12" count="0"/>
        <line num="247" type="stmt" count="0"/>
        <line num="248" type="stmt" count="0"/>
        <line num="249" type="stmt" count="0"/>
        <line num="251" type="stmt" count="0"/>
        <line num="252" type="stmt" count="0"/>
        <line num="261" type="method" name="hasPriority" crap="12" count="0"/>
        <line num="263" type="stmt" count="0"/>
        <line num="264" type="stmt" count="0"/>
        <line num="265" type="stmt" count="0"/>
        <line num="267" type="stmt" count="0"/>
        <line num="268" type="stmt" count="0"/>
        <line num="277" type="method" name="getQueue" crap="12" count="0"/>
        <line num="279" type="stmt" count="0"/>
        <line num="280" type="stmt" count="0"/>
        <line num="281" type="stmt" count="0"/>
        <line num="282" type="stmt" count="0"/>
        <line num="283" type="stmt" count="0"/>
        <line num="284" type="stmt" count="0"/>
        <line num="285" type="stmt" count="0"/>
        <line num="287" type="stmt" count="0"/>
        <line num="288" type="stmt" count="0"/>
        <line num="296" type="method" name="__clone" crap="6" count="0"/>
        <line num="298" type="stmt" count="0"/>
        <line num="299" type="stmt" count="0"/>
        <line num="300" type="stmt" count="0"/>
        <line num="301" type="stmt" count="0"/>
        <metrics loc="302" ncloc="158" classes="1" methods="16" coveredmethods="0" conditionals="0" coveredconditionals="0" statements="71" coveredstatements="0" elements="87" coveredelements="0"/>
      </file>
      <file name="/var/www/Db/vendor/zendframework/zendframework/library/Zend/Stdlib/SplPriorityQueue.php">
        <class name="SplPriorityQueue" namespace="Zend\Stdlib">
          <metrics methods="4" coveredmethods="0" conditionals="0" coveredconditionals="0" statements="21" coveredstatements="0" elements="25" coveredelements="0"/>
        </class>
        <line num="37" type="method" name="insert" crap="6" count="0"/>
        <line num="39" type="stmt" count="0"/>
        <line num="40" type="stmt" count="0"/>
        <line num="41" type="stmt" count="0"/>
        <line num="42" type="stmt" count="0"/>
        <line num="43" type="stmt" count="0"/>
        <line num="53" type="method" name="toArray" crap="6" count="0"/>
        <line num="55" type="stmt" count="0"/>
        <line num="56" type="stmt" count="0"/>
        <line num="57" type="stmt" count="0"/>
        <line num="58" type="stmt" count="0"/>
        <line num="59" type="stmt" count="0"/>
        <line num="68" type="method" name="serialize" crap="6" count="0"/>
        <line num="70" type="stmt" count="0"/>
        <line num="71" type="stmt" count="0"/>
        <line num="73" type="stmt" count="0"/>
        <line num="74" type="stmt" count="0"/>
        <line num="75" type="stmt" count="0"/>
        <line num="76" type="stmt" count="0"/>
        <line num="78" type="stmt" count="0"/>
        <line num="87" type="method" name="unserialize" crap="6" count="0"/>
        <line num="89" type="stmt" count="0"/>
        <line num="90" type="stmt" count="0"/>
        <line num="91" type="stmt" count="0"/>
        <line num="92" type="stmt" count="0"/>
        <metrics loc="93" ncloc="49" classes="1" methods="4" coveredmethods="0" conditionals="0" coveredconditionals="0" statements="21" coveredstatements="0" elements="25" coveredelements="0"/>
      </file>
    </package>
    <package name="Zend\Stdlib\Hydrator">
      <file name="/var/www/Db/vendor/zendframework/zendframework/library/Zend/Stdlib/Hydrator/HydratorPluginManager.php">
        <class name="HydratorPluginManager" namespace="Zend\Stdlib\Hydrator">
          <metrics methods="1" coveredmethods="0" conditionals="0" coveredconditionals="0" statements="6" coveredstatements="0" elements="7" coveredelements="0"/>
        </class>
        <line num="44" type="method" name="validatePlugin" crap="12" count="0"/>
        <line num="46" type="stmt" count="0"/>
        <line num="48" type="stmt" count="0"/>
        <line num="51" type="stmt" count="0"/>
        <line num="52" type="stmt" count="0"/>
        <line num="53" type="stmt" count="0"/>
        <line num="54" type="stmt" count="0"/>
        <metrics loc="56" ncloc="29" classes="1" methods="1" coveredmethods="0" conditionals="0" coveredconditionals="0" statements="6" coveredstatements="0" elements="7" coveredelements="0"/>
      </file>
    </package>
    <package name="Zend\Validator">
      <file name="/var/www/Db/vendor/zendframework/zendframework/library/Zend/Validator/ValidatorPluginManager.php">
        <class name="ValidatorPluginManager" namespace="Zend\Validator">
          <metrics methods="4" coveredmethods="0" conditionals="0" coveredconditionals="0" statements="21" coveredstatements="0" elements="25" coveredelements="0"/>
        </class>
        <line num="124" type="method" name="__construct" crap="2" count="0"/>
        <line num="126" type="stmt" count="0"/>
        <line num="127" type="stmt" count="0"/>
        <line num="128" type="stmt" count="0"/>
        <line num="129" type="stmt" count="0"/>
        <line num="137" type="method" name="injectTranslator" crap="20" count="0"/>
        <line num="139" type="stmt" count="0"/>
        <line num="140" type="stmt" count="0"/>
        <line num="141" type="stmt" count="0"/>
        <line num="142" type="stmt" count="0"/>
        <line num="143" type="stmt" count="0"/>
        <line num="144" type="stmt" count="0"/>
        <line num="145" type="stmt" count="0"/>
        <line num="153" type="method" name="injectValidatorPluginManager" crap="6" count="0"/>
        <line num="155" type="stmt" count="0"/>
        <line num="156" type="stmt" count="0"/>
        <line num="157" type="stmt" count="0"/>
        <line num="158" type="stmt" count="0"/>
        <line num="169" type="method" name="validatePlugin" crap="12" count="0"/>
        <line num="171" type="stmt" count="0"/>
        <line num="173" type="stmt" count="0"/>
        <line num="176" type="stmt" count="0"/>
        <line num="177" type="stmt" count="0"/>
        <line num="178" type="stmt" count="0"/>
        <line num="180" type="stmt" count="0"/>
        <metrics loc="182" ncloc="134" classes="1" methods="4" coveredmethods="0" conditionals="0" coveredconditionals="0" statements="21" coveredstatements="0" elements="25" coveredelements="0"/>
      </file>
    </package>
    <package name="Zend\View">
      <file name="/var/www/Db/vendor/zendframework/zendframework/library/Zend/View/HelperPluginManager.php">
        <class name="HelperPluginManager" namespace="Zend\View">
          <metrics methods="6" coveredmethods="0" conditionals="0" coveredconditionals="0" statements="27" coveredstatements="0" elements="33" coveredelements="0"/>
        </class>
        <line num="92" type="method" name="__construct" crap="2" count="0"/>
        <line num="94" type="stmt" count="0"/>
        <line num="96" type="stmt" count="0"/>
        <line num="97" type="stmt" count="0"/>
        <line num="98" type="stmt" count="0"/>
        <line num="106" type="method" name="setRenderer" crap="2" count="0"/>
        <line num="108" type="stmt" count="0"/>
        <line num="110" type="stmt" count="0"/>
        <line num="118" type="method" name="getRenderer" crap="2" count="0"/>
        <line num="120" type="stmt" count="0"/>
        <line num="129" type="method" name="injectRenderer" crap="6" count="0"/>
        <line num="131" type="stmt" count="0"/>
        <line num="132" type="stmt" count="0"/>
        <line num="133" type="stmt" count="0"/>
        <line num="135" type="stmt" count="0"/>
        <line num="136" type="stmt" count="0"/>
        <line num="144" type="method" name="injectTranslator" crap="42" count="0"/>
        <line num="146" type="stmt" count="0"/>
        <line num="147" type="stmt" count="0"/>
        <line num="148" type="stmt" count="0"/>
        <line num="149" type="stmt" count="0"/>
        <line num="150" type="stmt" count="0"/>
        <line num="151" type="stmt" count="0"/>
        <line num="152" type="stmt" count="0"/>
        <line num="153" type="stmt" count="0"/>
        <line num="154" type="stmt" count="0"/>
        <line num="165" type="method" name="validatePlugin" crap="12" count="0"/>
        <line num="167" type="stmt" count="0"/>
        <line num="169" type="stmt" count="0"/>
        <line num="172" type="stmt" count="0"/>
        <line num="173" type="stmt" count="0"/>
        <line num="174" type="stmt" count="0"/>
        <line num="176" type="stmt" count="0"/>
        <metrics loc="178" ncloc="99" classes="1" methods="6" coveredmethods="0" conditionals="0" coveredconditionals="0" statements="27" coveredstatements="0" elements="33" coveredelements="0"/>
      </file>
    </package>
    <metrics files="63" loc="10253" ncloc="6135" classes="61" methods="395" coveredmethods="18" conditionals="0" coveredconditionals="0" statements="2688" coveredstatements="90" elements="3083" coveredelements="108"/>
  </project>
</coverage>
